app/build/intermediates/manifest_merge_blame_file/debug/manifest-merger-blame-debug-report.txt
1<?xml version="1.0" encoding="utf-8"?>
2<manifest xmlns:android="http://schemas.android.com/apk/res/android"
3    package="com.lugares_v"
4    android:versionCode="1"
5    android:versionName="1.0" >
6
7    <uses-sdk
8        android:minSdkVersion="26"
8-->src/main/AndroidManifest.xml
9        android:targetSdkVersion="32" />
9-->src/main/AndroidManifest.xml
10
11    <!-- Este es para decirle al android que esta app requiere acceso a hacer llamadas -->
12    <uses-permission android:name="android.permission.CALL_PHONE" />
12-->src/main/AndroidManifest.xml:7:5-68
12-->src/main/AndroidManifest.xml:7:22-66
13
14    <!-- Estos permisos se requieren para la geolocalzación -->
15    <uses-permission android:name="android.permission.ACCESS_COARSE_LOCATION" />
15-->src/main/AndroidManifest.xml:10:5-80
15-->src/main/AndroidManifest.xml:10:22-78
16    <uses-permission android:name="android.permission.ACCESS_FINE_LOCATION" />
16-->src/main/AndroidManifest.xml:11:5-78
16-->src/main/AndroidManifest.xml:11:22-76
17    <uses-permission android:name="android.permission.RECORD_AUDIO" />
17-->src/main/AndroidManifest.xml:13:5-70
17-->src/main/AndroidManifest.xml:13:22-68
18    <uses-permission android:name="android.permission.WRITE_EXTERNAL_STORAGE" />
18-->src/main/AndroidManifest.xml:14:5-15:40
18-->src/main/AndroidManifest.xml:14:22-78
19    <uses-permission android:name="android.permission.INTERNET" />
19-->[com.google.firebase:firebase-auth:21.0.1] AndroidManifest.xml:23:5-67
19-->[com.google.firebase:firebase-auth:21.0.1] AndroidManifest.xml:23:22-64
20    <uses-permission android:name="android.permission.ACCESS_NETWORK_STATE" /> <!-- Permission will be merged into the manifest of the hosting app. -->
20-->[com.google.firebase:firebase-auth:21.0.1] AndroidManifest.xml:24:5-79
20-->[com.google.firebase:firebase-auth:21.0.1] AndroidManifest.xml:24:22-76
21    <!-- Is required to launch foreground extraction service for targetSdkVersion 28+. -->
22    <uses-permission android:name="android.permission.FOREGROUND_SERVICE" />
22-->[com.google.android.play:core:1.10.3] AndroidManifest.xml:13:5-77
22-->[com.google.android.play:core:1.10.3] AndroidManifest.xml:13:22-74
23
24    <application
24-->src/main/AndroidManifest.xml:17:5-51:19
25        android:allowBackup="true"
25-->src/main/AndroidManifest.xml:18:9-35
26        android:appComponentFactory="androidx.core.app.CoreComponentFactory"
26-->[androidx.core:core:1.8.0] AndroidManifest.xml:24:18-86
27        android:debuggable="true"
28        android:extractNativeLibs="false"
29        android:icon="@drawable/logo_size"
29-->src/main/AndroidManifest.xml:19:9-43
30        android:label="@string/app_name"
30-->src/main/AndroidManifest.xml:20:9-41
31        android:roundIcon="@drawable/logo_size"
31-->src/main/AndroidManifest.xml:21:9-48
32        android:supportsRtl="true"
32-->src/main/AndroidManifest.xml:22:9-35
33        android:testOnly="true"
34        android:theme="@style/Theme.Lugares_v" >
34-->src/main/AndroidManifest.xml:23:9-47
35        <activity
35-->src/main/AndroidManifest.xml:24:9-28:66
36            android:name="com.lugares_v.Principal"
36-->src/main/AndroidManifest.xml:25:13-38
37            android:exported="false"
37-->src/main/AndroidManifest.xml:26:13-37
38            android:label="@string/title_activity_principal"
38-->src/main/AndroidManifest.xml:27:13-61
39            android:theme="@style/Theme.Lugares_v.NoActionBar" />
39-->src/main/AndroidManifest.xml:28:13-63
40        <activity
40-->src/main/AndroidManifest.xml:29:9-37:20
41            android:name="com.lugares_v.MainActivity"
41-->src/main/AndroidManifest.xml:30:13-41
42            android:exported="true" >
42-->src/main/AndroidManifest.xml:31:13-36
43            <intent-filter>
43-->src/main/AndroidManifest.xml:32:13-36:29
44                <action android:name="android.intent.action.MAIN" />
44-->src/main/AndroidManifest.xml:33:17-69
44-->src/main/AndroidManifest.xml:33:25-66
45
46                <category android:name="android.intent.category.LAUNCHER" />
46-->src/main/AndroidManifest.xml:35:17-77
46-->src/main/AndroidManifest.xml:35:27-74
47            </intent-filter>
48        </activity>
49
50        <!-- Esto se requiere para buscar las imagenes capturadas de la cámara -->
51        <!-- ojo el archivo llamado file_paths en la carpeta xml -->
52        <provider
53            android:name="androidx.core.content.FileProvider"
53-->src/main/AndroidManifest.xml:42:13-62
54            android:authorities="com.lugares_v.provider"
54-->src/main/AndroidManifest.xml:43:13-60
55            android:exported="false"
55-->src/main/AndroidManifest.xml:44:13-37
56            android:grantUriPermissions="true" >
56-->src/main/AndroidManifest.xml:45:13-47
57            <meta-data
57-->src/main/AndroidManifest.xml:46:13-48:53
58                android:name="android.support.FILE_PROVIDER_PATHS"
58-->src/main/AndroidManifest.xml:47:17-67
59                android:resource="@xml/file_paths" />
59-->src/main/AndroidManifest.xml:48:17-51
60        </provider>
61
62        <service
62-->[com.google.firebase:firebase-auth-ktx:21.0.1] AndroidManifest.xml:8:9-14:19
63            android:name="com.google.firebase.components.ComponentDiscoveryService"
63-->[com.google.firebase:firebase-auth-ktx:21.0.1] AndroidManifest.xml:9:13-84
64            android:directBootAware="true"
64-->[com.google.firebase:firebase-common:20.0.0] AndroidManifest.xml:35:13-43
65            android:exported="false" >
65-->[com.google.firebase:firebase-auth-ktx:21.0.1] AndroidManifest.xml:10:13-37
66            <meta-data
66-->[com.google.firebase:firebase-auth-ktx:21.0.1] AndroidManifest.xml:11:13-13:85
67                android:name="com.google.firebase.components:com.google.firebase.auth.ktx.FirebaseAuthKtxRegistrar"
67-->[com.google.firebase:firebase-auth-ktx:21.0.1] AndroidManifest.xml:12:17-116
68                android:value="com.google.firebase.components.ComponentRegistrar" />
68-->[com.google.firebase:firebase-auth-ktx:21.0.1] AndroidManifest.xml:13:17-82
69            <meta-data
69-->[com.google.firebase:firebase-auth:21.0.1] AndroidManifest.xml:77:13-79:85
70                android:name="com.google.firebase.components:com.google.firebase.auth.FirebaseAuthRegistrar"
70-->[com.google.firebase:firebase-auth:21.0.1] AndroidManifest.xml:78:17-109
71                android:value="com.google.firebase.components.ComponentRegistrar" />
71-->[com.google.firebase:firebase-auth:21.0.1] AndroidManifest.xml:79:17-82
72            <meta-data
72-->[com.google.firebase:firebase-storage-ktx:20.0.0] AndroidManifest.xml:15:13-17:85
73                android:name="com.google.firebase.components:com.google.firebase.storage.ktx.FirebaseStorageKtxRegistrar"
73-->[com.google.firebase:firebase-storage-ktx:20.0.0] AndroidManifest.xml:16:17-122
74                android:value="com.google.firebase.components.ComponentRegistrar" />
74-->[com.google.firebase:firebase-storage-ktx:20.0.0] AndroidManifest.xml:17:17-82
75            <meta-data
75-->[com.google.firebase:firebase-storage:20.0.0] AndroidManifest.xml:33:13-35:85
76                android:name="com.google.firebase.components:com.google.firebase.storage.StorageRegistrar"
76-->[com.google.firebase:firebase-storage:20.0.0] AndroidManifest.xml:34:17-107
77                android:value="com.google.firebase.components.ComponentRegistrar" />
77-->[com.google.firebase:firebase-storage:20.0.0] AndroidManifest.xml:35:17-82
78            <meta-data
78-->[com.google.firebase:firebase-firestore-ktx:24.0.1] AndroidManifest.xml:15:13-17:85
79                android:name="com.google.firebase.components:com.google.firebase.firestore.ktx.FirebaseFirestoreKtxRegistrar"
79-->[com.google.firebase:firebase-firestore-ktx:24.0.1] AndroidManifest.xml:16:17-126
80                android:value="com.google.firebase.components.ComponentRegistrar" />
80-->[com.google.firebase:firebase-firestore-ktx:24.0.1] AndroidManifest.xml:17:17-82
81            <meta-data
81-->[com.google.firebase:firebase-firestore:24.0.1] AndroidManifest.xml:20:13-22:85
82                android:name="com.google.firebase.components:com.google.firebase.firestore.FirestoreRegistrar"
82-->[com.google.firebase:firebase-firestore:24.0.1] AndroidManifest.xml:21:17-111
83                android:value="com.google.firebase.components.ComponentRegistrar" />
83-->[com.google.firebase:firebase-firestore:24.0.1] AndroidManifest.xml:22:17-82
84            <meta-data
84-->[com.google.firebase:firebase-common-ktx:20.0.0] AndroidManifest.xml:15:13-17:85
85                android:name="com.google.firebase.components:com.google.firebase.ktx.FirebaseCommonKtxRegistrar"
85-->[com.google.firebase:firebase-common-ktx:20.0.0] AndroidManifest.xml:16:17-113
86                android:value="com.google.firebase.components.ComponentRegistrar" />
86-->[com.google.firebase:firebase-common-ktx:20.0.0] AndroidManifest.xml:17:17-82
87        </service>
88
89        <activity
89-->[com.google.firebase:firebase-auth:21.0.1] AndroidManifest.xml:27:9-44:20
90            android:name="com.google.firebase.auth.internal.GenericIdpActivity"
90-->[com.google.firebase:firebase-auth:21.0.1] AndroidManifest.xml:28:13-80
91            android:excludeFromRecents="true"
91-->[com.google.firebase:firebase-auth:21.0.1] AndroidManifest.xml:29:13-46
92            android:exported="true"
92-->[com.google.firebase:firebase-auth:21.0.1] AndroidManifest.xml:30:13-36
93            android:launchMode="singleTask"
93-->[com.google.firebase:firebase-auth:21.0.1] AndroidManifest.xml:31:13-44
94            android:theme="@android:style/Theme.Translucent.NoTitleBar" >
94-->[com.google.firebase:firebase-auth:21.0.1] AndroidManifest.xml:32:13-72
95            <intent-filter>
95-->[com.google.firebase:firebase-auth:21.0.1] AndroidManifest.xml:33:13-43:29
96                <action android:name="android.intent.action.VIEW" />
96-->[com.google.firebase:firebase-auth:21.0.1] AndroidManifest.xml:34:17-69
96-->[com.google.firebase:firebase-auth:21.0.1] AndroidManifest.xml:34:25-66
97
98                <category android:name="android.intent.category.DEFAULT" />
98-->[com.google.firebase:firebase-auth:21.0.1] AndroidManifest.xml:36:17-76
98-->[com.google.firebase:firebase-auth:21.0.1] AndroidManifest.xml:36:27-73
99                <category android:name="android.intent.category.BROWSABLE" />
99-->[com.google.firebase:firebase-auth:21.0.1] AndroidManifest.xml:37:17-78
99-->[com.google.firebase:firebase-auth:21.0.1] AndroidManifest.xml:37:27-75
100
101                <data
101-->[com.google.firebase:firebase-auth:21.0.1] AndroidManifest.xml:39:17-42:51
102                    android:host="firebase.auth"
102-->[com.google.firebase:firebase-auth:21.0.1] AndroidManifest.xml:40:21-49
103                    android:path="/"
103-->[com.google.firebase:firebase-auth:21.0.1] AndroidManifest.xml:41:21-37
104                    android:scheme="genericidp" />
104-->[com.google.firebase:firebase-auth:21.0.1] AndroidManifest.xml:42:21-48
105            </intent-filter>
106        </activity>
107        <activity
107-->[com.google.firebase:firebase-auth:21.0.1] AndroidManifest.xml:45:9-62:20
108            android:name="com.google.firebase.auth.internal.RecaptchaActivity"
108-->[com.google.firebase:firebase-auth:21.0.1] AndroidManifest.xml:46:13-79
109            android:excludeFromRecents="true"
109-->[com.google.firebase:firebase-auth:21.0.1] AndroidManifest.xml:47:13-46
110            android:exported="true"
110-->[com.google.firebase:firebase-auth:21.0.1] AndroidManifest.xml:48:13-36
111            android:launchMode="singleTask"
111-->[com.google.firebase:firebase-auth:21.0.1] AndroidManifest.xml:49:13-44
112            android:theme="@android:style/Theme.Translucent.NoTitleBar" >
112-->[com.google.firebase:firebase-auth:21.0.1] AndroidManifest.xml:50:13-72
113            <intent-filter>
113-->[com.google.firebase:firebase-auth:21.0.1] AndroidManifest.xml:51:13-61:29
114                <action android:name="android.intent.action.VIEW" />
114-->[com.google.firebase:firebase-auth:21.0.1] AndroidManifest.xml:34:17-69
114-->[com.google.firebase:firebase-auth:21.0.1] AndroidManifest.xml:34:25-66
115
116                <category android:name="android.intent.category.DEFAULT" />
116-->[com.google.firebase:firebase-auth:21.0.1] AndroidManifest.xml:36:17-76
116-->[com.google.firebase:firebase-auth:21.0.1] AndroidManifest.xml:36:27-73
117                <category android:name="android.intent.category.BROWSABLE" />
117-->[com.google.firebase:firebase-auth:21.0.1] AndroidManifest.xml:37:17-78
117-->[com.google.firebase:firebase-auth:21.0.1] AndroidManifest.xml:37:27-75
118
119                <data
119-->[com.google.firebase:firebase-auth:21.0.1] AndroidManifest.xml:39:17-42:51
120                    android:host="firebase.auth"
120-->[com.google.firebase:firebase-auth:21.0.1] AndroidManifest.xml:40:21-49
121                    android:path="/"
121-->[com.google.firebase:firebase-auth:21.0.1] AndroidManifest.xml:41:21-37
122                    android:scheme="recaptcha" />
122-->[com.google.firebase:firebase-auth:21.0.1] AndroidManifest.xml:42:21-48
123            </intent-filter>
124        </activity>
125
126        <service
126-->[com.google.firebase:firebase-auth:21.0.1] AndroidManifest.xml:64:9-73:19
127            android:name="com.google.firebase.auth.api.fallback.service.FirebaseAuthFallbackService"
127-->[com.google.firebase:firebase-auth:21.0.1] AndroidManifest.xml:65:13-101
128            android:enabled="true"
128-->[com.google.firebase:firebase-auth:21.0.1] AndroidManifest.xml:66:13-35
129            android:exported="false" >
129-->[com.google.firebase:firebase-auth:21.0.1] AndroidManifest.xml:67:13-37
130            <intent-filter>
130-->[com.google.firebase:firebase-auth:21.0.1] AndroidManifest.xml:68:13-72:29
131                <action android:name="com.google.firebase.auth.api.gms.service.START" />
131-->[com.google.firebase:firebase-auth:21.0.1] AndroidManifest.xml:69:17-89
131-->[com.google.firebase:firebase-auth:21.0.1] AndroidManifest.xml:69:25-86
132
133                <category android:name="android.intent.category.DEFAULT" />
133-->[com.google.firebase:firebase-auth:21.0.1] AndroidManifest.xml:36:17-76
133-->[com.google.firebase:firebase-auth:21.0.1] AndroidManifest.xml:36:27-73
134            </intent-filter>
135        </service>
136
137        <activity
137-->[com.google.android.gms:play-services-base:18.0.1] AndroidManifest.xml:20:9-22:45
138            android:name="com.google.android.gms.common.api.GoogleApiActivity"
138-->[com.google.android.gms:play-services-base:18.0.1] AndroidManifest.xml:20:19-85
139            android:exported="false"
139-->[com.google.android.gms:play-services-base:18.0.1] AndroidManifest.xml:22:19-43
140            android:theme="@android:style/Theme.Translucent.NoTitleBar" />
140-->[com.google.android.gms:play-services-base:18.0.1] AndroidManifest.xml:21:19-78
141
142        <provider
142-->[com.google.firebase:firebase-common:20.0.0] AndroidManifest.xml:26:9-31:39
143            android:name="com.google.firebase.provider.FirebaseInitProvider"
143-->[com.google.firebase:firebase-common:20.0.0] AndroidManifest.xml:27:13-77
144            android:authorities="com.lugares_v.firebaseinitprovider"
144-->[com.google.firebase:firebase-common:20.0.0] AndroidManifest.xml:28:13-72
145            android:directBootAware="true"
145-->[com.google.firebase:firebase-common:20.0.0] AndroidManifest.xml:29:13-43
146            android:exported="false"
146-->[com.google.firebase:firebase-common:20.0.0] AndroidManifest.xml:30:13-37
147            android:initOrder="100" />
147-->[com.google.firebase:firebase-common:20.0.0] AndroidManifest.xml:31:13-36
148
149        <meta-data
149-->[com.google.android.gms:play-services-basement:18.0.0] AndroidManifest.xml:21:9-23:69
150            android:name="com.google.android.gms.version"
150-->[com.google.android.gms:play-services-basement:18.0.0] AndroidManifest.xml:22:13-58
151            android:value="@integer/google_play_services_version" />
151-->[com.google.android.gms:play-services-basement:18.0.0] AndroidManifest.xml:23:13-66
152
153        <uses-library
153-->[androidx.window:window:1.0.0] AndroidManifest.xml:25:9-27:40
154            android:name="androidx.window.extensions"
154-->[androidx.window:window:1.0.0] AndroidManifest.xml:26:13-54
155            android:required="false" />
155-->[androidx.window:window:1.0.0] AndroidManifest.xml:27:13-37
156        <uses-library
156-->[androidx.window:window:1.0.0] AndroidManifest.xml:28:9-30:40
157            android:name="androidx.window.sidecar"
157-->[androidx.window:window:1.0.0] AndroidManifest.xml:29:13-51
158            android:required="false" />
158-->[androidx.window:window:1.0.0] AndroidManifest.xml:30:13-37
159
160        <service
160-->[androidx.camera:camera-camera2:1.1.0] AndroidManifest.xml:26:9-35:19
161            android:name="androidx.camera.core.impl.MetadataHolderService"
161-->[androidx.camera:camera-camera2:1.1.0] AndroidManifest.xml:27:13-75
162            android:enabled="false"
162-->[androidx.camera:camera-camera2:1.1.0] AndroidManifest.xml:28:13-36
163            android:exported="false" >
163-->[androidx.camera:camera-camera2:1.1.0] AndroidManifest.xml:29:13-37
164            <meta-data
164-->[androidx.camera:camera-camera2:1.1.0] AndroidManifest.xml:32:13-34:89
165                android:name="androidx.camera.core.impl.MetadataHolderService.DEFAULT_CONFIG_PROVIDER"
165-->[androidx.camera:camera-camera2:1.1.0] AndroidManifest.xml:33:17-103
166                android:value="androidx.camera.camera2.Camera2Config$DefaultProvider" />
166-->[androidx.camera:camera-camera2:1.1.0] AndroidManifest.xml:34:17-86
167        </service>
168
169        <provider
169-->[androidx.emoji2:emoji2:1.0.0] AndroidManifest.xml:26:9-34:20
170            android:name="androidx.startup.InitializationProvider"
170-->[androidx.emoji2:emoji2:1.0.0] AndroidManifest.xml:27:13-67
171            android:authorities="com.lugares_v.androidx-startup"
171-->[androidx.emoji2:emoji2:1.0.0] AndroidManifest.xml:28:13-68
172            android:exported="false" >
172-->[androidx.emoji2:emoji2:1.0.0] AndroidManifest.xml:29:13-37
173            <meta-data
173-->[androidx.emoji2:emoji2:1.0.0] AndroidManifest.xml:31:13-33:52
174                android:name="androidx.emoji2.text.EmojiCompatInitializer"
174-->[androidx.emoji2:emoji2:1.0.0] AndroidManifest.xml:32:17-75
175                android:value="androidx.startup" />
175-->[androidx.emoji2:emoji2:1.0.0] AndroidManifest.xml:33:17-49
176            <meta-data
176-->[androidx.lifecycle:lifecycle-process:2.4.0] AndroidManifest.xml:31:13-33:52
177                android:name="androidx.lifecycle.ProcessLifecycleInitializer"
177-->[androidx.lifecycle:lifecycle-process:2.4.0] AndroidManifest.xml:32:17-78
178                android:value="androidx.startup" />
178-->[androidx.lifecycle:lifecycle-process:2.4.0] AndroidManifest.xml:33:17-49
179        </provider> <!-- The activities will be merged into the manifest of the hosting app. -->
180        <activity
180-->[com.google.android.play:core:1.10.3] AndroidManifest.xml:18:9-24:45
181            android:name="com.google.android.play.core.missingsplits.PlayCoreMissingSplitsActivity"
181-->[com.google.android.play:core:1.10.3] AndroidManifest.xml:19:13-100
182            android:enabled="false"
182-->[com.google.android.play:core:1.10.3] AndroidManifest.xml:20:13-36
183            android:exported="false"
183-->[com.google.android.play:core:1.10.3] AndroidManifest.xml:21:13-37
184            android:launchMode="singleInstance"
184-->[com.google.android.play:core:1.10.3] AndroidManifest.xml:22:13-48
185            android:process=":playcore_missing_splits_activity"
185-->[com.google.android.play:core:1.10.3] AndroidManifest.xml:23:13-64
186            android:stateNotNeeded="true" />
186-->[com.google.android.play:core:1.10.3] AndroidManifest.xml:24:13-42
187        <activity
187-->[com.google.android.play:core:1.10.3] AndroidManifest.xml:25:9-29:65
188            android:name="com.google.android.play.core.common.PlayCoreDialogWrapperActivity"
188-->[com.google.android.play:core:1.10.3] AndroidManifest.xml:26:13-93
189            android:exported="false"
189-->[com.google.android.play:core:1.10.3] AndroidManifest.xml:27:13-37
190            android:stateNotNeeded="true"
190-->[com.google.android.play:core:1.10.3] AndroidManifest.xml:28:13-42
191            android:theme="@style/Theme.PlayCore.Transparent" /> <!-- The services will be merged into the manifest of the hosting app. -->
191-->[com.google.android.play:core:1.10.3] AndroidManifest.xml:29:13-62
192        <service
192-->[com.google.android.play:core:1.10.3] AndroidManifest.xml:32:9-39:19
193            android:name="com.google.android.play.core.assetpacks.AssetPackExtractionService"
193-->[com.google.android.play:core:1.10.3] AndroidManifest.xml:33:13-94
194            android:enabled="false"
194-->[com.google.android.play:core:1.10.3] AndroidManifest.xml:34:13-36
195            android:exported="true" >
195-->[com.google.android.play:core:1.10.3] AndroidManifest.xml:35:13-36
196            <meta-data
196-->[com.google.android.play:core:1.10.3] AndroidManifest.xml:36:13-38:41
197                android:name="com.google.android.play.core.assetpacks.versionCode"
197-->[com.google.android.play:core:1.10.3] AndroidManifest.xml:37:17-83
198                android:value="11003" />
198-->[com.google.android.play:core:1.10.3] AndroidManifest.xml:38:17-38
199        </service>
200        <service
200-->[com.google.android.play:core:1.10.3] AndroidManifest.xml:40:9-43:40
201            android:name="com.google.android.play.core.assetpacks.ExtractionForegroundService"
201-->[com.google.android.play:core:1.10.3] AndroidManifest.xml:41:13-95
202            android:enabled="false"
202-->[com.google.android.play:core:1.10.3] AndroidManifest.xml:42:13-36
203            android:exported="false" />
203-->[com.google.android.play:core:1.10.3] AndroidManifest.xml:43:13-37
204    </application>
205
206</manifest>